TN:
SF:src\BinaryReader.ts
FN:7,constructor
FN:14,readU16
FN:21,readCell
FN:37,convertSigned
FN:59,readBytes
FN:69,readBlock
FNF:6
FNH:4
FNDA:3,constructor
FNDA:0,readU16
FNDA:8,readCell
FNDA:8,convertSigned
FNDA:0,readBytes
FNDA:3,readBlock
DA:9,3
DA:10,3
DA:15,0
DA:16,0
DA:18,0
DA:22,8
DA:23,0
DA:26,8
DA:27,2
DA:28,6
DA:29,4
DA:30,2
DA:31,2
DA:34,0
DA:38,8
DA:40,0
DA:45,0
DA:46,0
DA:47,0
DA:50,0
DA:51,8
DA:52,8
DA:53,0
DA:55,0
DA:60,0
DA:61,0
DA:62,0
DA:63,0
DA:64,0
DA:66,0
DA:71,3
DA:72,3
DA:73,3
DA:74,3
DA:76,3
DA:77,0
DA:80,3
DA:82,3
DA:83,4
DA:84,4
DA:85,8
DA:86,8
DA:87,8
DA:88,8
DA:89,8
DA:91,4
DA:93,3
LF:47
LH:28
BRDA:9,0,0,0
BRDA:9,0,1,3
BRDA:15,1,0,0
BRDA:15,1,1,0
BRDA:15,2,0,0
BRDA:15,2,1,0
BRDA:22,3,0,0
BRDA:22,3,1,8
BRDA:22,4,0,8
BRDA:22,4,1,8
BRDA:26,5,0,2
BRDA:26,5,1,6
BRDA:28,6,0,4
BRDA:28,6,1,2
BRDA:30,7,0,2
BRDA:30,7,1,0
BRDA:38,8,0,8
BRDA:38,8,1,0
BRDA:46,9,0,0
BRDA:46,9,1,0
BRDA:46,10,0,0
BRDA:46,10,1,0
BRDA:50,11,0,0
BRDA:50,11,1,0
BRDA:51,12,0,0
BRDA:51,12,1,0
BRDA:52,13,0,0
BRDA:52,13,1,8
BRDA:63,14,0,0
BRDA:63,14,1,0
BRDA:63,15,0,0
BRDA:63,15,1,0
BRDA:71,16,0,3
BRDA:71,16,1,0
BRDA:71,17,0,3
BRDA:71,17,1,3
BRDA:76,18,0,0
BRDA:76,18,1,3
BRDA:76,19,0,3
BRDA:76,19,1,3
BRF:40
BRH:17
end_of_record
TN:
SF:src\XdfLoader.ts
FN:6,loadXdf
FN:23,(anonymous_1)
FN:24,(anonymous_2)
FN:27,(anonymous_3)
FN:28,(anonymous_4)
FN:50,(anonymous_5)
FN:51,(anonymous_6)
FN:59,(anonymous_7)
FNF:8
FNH:8
FNDA:2,loadXdf
FNDA:1,(anonymous_1)
FNDA:1,(anonymous_2)
FNDA:3,(anonymous_3)
FNDA:1,(anonymous_4)
FNDA:2,(anonymous_5)
FNDA:1,(anonymous_6)
FNDA:1,(anonymous_7)
DA:7,2
DA:8,2
DA:9,2
DA:11,2
DA:13,2
DA:15,0
DA:16,0
DA:17,0
DA:20,1
DA:22,1
DA:23,1
DA:27,3
DA:28,1
DA:29,1
DA:30,1
DA:31,1
DA:32,1
DA:35,1
DA:37,0
DA:39,1
DA:43,1
DA:47,1
DA:50,2
DA:51,1
DA:59,1
LF:25
LH:21
BRDA:6,0,0,2
BRDA:13,1,0,0
BRDA:13,1,1,2
BRDA:29,2,0,1
BRDA:29,2,1,0
BRDA:30,3,0,1
BRDA:30,3,1,0
BRDA:32,4,0,1
BRDA:32,4,1,0
BRDA:35,5,0,0
BRDA:35,5,1,1
BRDA:37,6,0,0
BRDA:37,6,1,0
BRDA:37,7,0,0
BRDA:37,7,1,0
BRDA:43,8,0,1
BRDA:43,8,1,0
BRDA:43,8,2,0
BRDA:48,9,0,1
BRDA:48,9,1,0
BRDA:49,10,0,0
BRDA:49,10,1,1
BRDA:50,11,0,1
BRDA:50,11,1,0
BRDA:51,12,0,1
BRDA:51,12,1,0
BRF:26
BRH:11
end_of_record
TN:
SF:src\checksum.ts
FN:5,fixChecksum
FN:28,applyPatch
FN:45,warnOnOverlaps
FNF:3
FNH:0
FNDA:0,fixChecksum
FNDA:0,applyPatch
FNDA:0,warnOnOverlaps
DA:6,0
DA:8,0
DA:9,0
DA:10,0
DA:13,0
DA:14,0
DA:16,0
DA:17,0
DA:18,0
DA:19,0
DA:22,0
DA:23,0
DA:24,0
DA:25,0
DA:29,0
DA:30,0
DA:32,0
DA:33,0
DA:34,0
DA:35,0
DA:36,0
DA:37,0
DA:39,0
DA:46,0
DA:47,0
DA:48,0
DA:49,0
DA:50,0
DA:51,0
LF:29
LH:0
BRDA:8,0,0,0
BRDA:8,0,1,0
BRDA:19,1,0,0
BRDA:19,1,1,0
BRDA:19,2,0,0
BRDA:19,2,1,0
BRDA:29,3,0,0
BRDA:29,3,1,0
BRDA:29,4,0,0
BRDA:29,4,1,0
BRDA:30,5,0,0
BRDA:30,5,1,0
BRDA:32,6,0,0
BRDA:32,6,1,0
BRDA:33,7,0,0
BRDA:33,7,1,0
BRDA:35,8,0,0
BRDA:35,8,1,0
BRDA:36,9,0,0
BRDA:36,9,1,0
BRDA:50,10,0,0
BRDA:50,10,1,0
BRDA:50,11,0,0
BRDA:50,11,1,0
BRDA:51,12,0,0
BRDA:51,12,1,0
BRDA:51,13,0,0
BRDA:51,13,1,0
BRF:28
BRH:0
end_of_record
TN:
SF:src\cli.ts
FN:19,(anonymous_0)
FN:31,(anonymous_1)
FN:40,(anonymous_2)
FN:51,(anonymous_3)
FN:60,(anonymous_4)
FN:71,(anonymous_5)
FN:80,(anonymous_6)
FN:86,(anonymous_7)
FNF:8
FNH:0
FNDA:0,(anonymous_0)
FNDA:0,(anonymous_1)
FNDA:0,(anonymous_2)
FNDA:0,(anonymous_3)
FNDA:0,(anonymous_4)
FNDA:0,(anonymous_5)
FNDA:0,(anonymous_6)
FNDA:0,(anonymous_7)
DA:8,0
DA:10,0
DA:18,0
DA:19,0
DA:20,0
DA:21,0
DA:22,0
DA:23,0
DA:27,0
DA:32,0
DA:33,0
DA:36,0
DA:41,0
DA:42,0
DA:45,0
DA:52,0
DA:53,0
DA:56,0
DA:61,0
DA:62,0
DA:65,0
DA:73,0
DA:76,0
DA:82,0
DA:83,0
DA:86,0
DA:87,0
DA:88,0
LF:28
LH:0
BRDA:20,0,0,0
BRDA:20,0,1,0
BRDA:33,1,0,0
BRDA:33,1,1,0
BRDA:87,2,0,0
BRDA:87,2,1,0
BRF:6
BRH:0
end_of_record
TN:
SF:src\diff.ts
FN:30,loadMaps
FN:34,diffBins
FN:83,diffMap
FN:112,printDiffs
FNF:4
FNH:0
FNDA:0,loadMaps
FNDA:0,diffBins
FNDA:0,diffMap
FNDA:0,printDiffs
DA:6,0
DA:31,0
DA:41,0
DA:44,0
DA:45,0
DA:47,0
DA:48,0
DA:49,0
DA:51,0
DA:52,0
DA:54,0
DA:55,0
DA:56,0
DA:57,0
DA:59,0
DA:60,0
DA:61,0
DA:72,0
DA:73,0
DA:75,0
DA:77,0
DA:85,0
DA:86,0
DA:87,0
DA:88,0
DA:89,0
DA:91,0
DA:94,0
DA:95,0
DA:96,0
DA:97,0
DA:98,0
DA:109,0
DA:113,0
DA:114,0
DA:116,0
DA:119,0
DA:120,0
DA:121,0
DA:124,0
DA:127,0
DA:128,0
DA:129,0
DA:130,0
DA:133,0
LF:45
LH:0
BRDA:30,0,0,0
BRDA:52,1,0,0
BRDA:52,1,1,0
BRDA:52,2,0,0
BRDA:52,2,1,0
BRDA:55,3,0,0
BRDA:55,3,1,0
BRDA:60,4,0,0
BRDA:60,4,1,0
BRDA:72,5,0,0
BRDA:72,5,1,0
BRDA:97,6,0,0
BRDA:97,6,1,0
BRDA:113,7,0,0
BRDA:113,7,1,0
BRDA:115,8,0,0
BRDA:115,8,1,0
BRDA:125,9,0,0
BRDA:125,9,1,0
BRF:19
BRH:0
end_of_record
TN:
SF:src\mathEvaluator.ts
FN:5,evaluateMath
FNF:1
FNH:1
FNDA:8,evaluateMath
DA:3,1
DA:6,8
DA:8,0
DA:9,0
DA:11,0
DA:12,0
DA:13,0
DA:14,0
DA:15,0
DA:17,0
DA:18,0
DA:21,0
DA:22,0
DA:24,0
DA:25,0
LF:15
LH:2
BRDA:6,0,0,8
BRDA:6,0,1,0
BRDA:9,1,0,0
BRDA:9,1,1,0
BRDA:9,2,0,0
BRDA:9,2,1,0
BRDA:9,2,2,0
BRDA:12,3,0,0
BRDA:12,3,1,0
BRF:9
BRH:1
end_of_record
TN:
SF:src\tuningTool.ts
FN:20,readMapValues
FN:39,writeMapCell
FN:68,loadAllMaps
FN:76,listMaps
FN:80,(anonymous_4)
FN:82,(anonymous_5)
FN:88,readMap
FN:103,editMap
FN:126,exportMap
FN:129,(anonymous_9)
FN:137,findMap
FN:139,(anonymous_11)
FN:142,(anonymous_12)
FN:146,(anonymous_13)
FN:152,readMapData
FN:165,printTable
FNF:16
FNH:2
FNDA:3,readMapValues
FNDA:3,writeMapCell
FNDA:0,loadAllMaps
FNDA:0,listMaps
FNDA:0,(anonymous_4)
FNDA:0,(anonymous_5)
FNDA:0,readMap
FNDA:0,editMap
FNDA:0,exportMap
FNDA:0,(anonymous_9)
FNDA:0,findMap
FNDA:0,(anonymous_11)
FNDA:0,(anonymous_12)
FNDA:0,(anonymous_13)
FNDA:0,readMapData
FNDA:0,printTable
DA:8,1
DA:9,1
DA:10,1
DA:24,3
DA:25,3
DA:46,3
DA:47,3
DA:48,3
DA:49,1
DA:50,2
DA:51,1
DA:52,1
DA:53,1
DA:55,0
DA:63,1
DA:64,1
DA:65,1
DA:66,1
DA:69,0
DA:70,0
DA:71,0
DA:72,0
DA:73,0
DA:77,0
DA:78,0
DA:79,0
DA:80,0
DA:82,0
DA:83,0
DA:85,0
DA:89,0
DA:91,0
DA:92,0
DA:93,0
DA:94,0
DA:96,0
DA:97,0
DA:98,0
DA:99,0
DA:104,0
DA:105,0
DA:106,0
DA:107,0
DA:110,0
DA:113,0
DA:114,0
DA:115,0
DA:117,0
DA:118,0
DA:119,0
DA:120,0
DA:122,0
DA:127,0
DA:128,0
DA:129,0
DA:130,0
DA:131,0
DA:132,0
DA:133,0
DA:138,0
DA:139,0
DA:140,0
DA:142,0
DA:143,0
DA:144,0
DA:145,0
DA:146,0
DA:148,0
DA:153,0
DA:154,0
DA:166,0
LF:71
LH:17
BRDA:48,0,0,1
BRDA:48,0,1,2
BRDA:50,1,0,1
BRDA:50,1,1,1
BRDA:52,2,0,1
BRDA:52,2,1,0
BRDA:68,3,0,0
BRDA:68,4,0,0
BRDA:78,5,0,0
BRDA:78,5,1,0
BRDA:92,6,0,0
BRDA:92,6,1,0
BRDA:105,7,0,0
BRDA:105,7,1,0
BRDA:106,8,0,0
BRDA:106,8,1,0
BRDA:106,9,0,0
BRDA:106,9,1,0
BRDA:106,9,2,0
BRDA:106,9,3,0
BRDA:131,10,0,0
BRDA:131,10,1,0
BRDA:140,11,0,0
BRDA:140,11,1,0
BRDA:143,12,0,0
BRDA:143,12,1,0
BRDA:144,13,0,0
BRDA:144,13,1,0
BRDA:153,14,0,0
BRDA:153,14,1,0
BRDA:160,15,0,0
BRDA:160,15,1,0
BRF:32
BRH:5
end_of_record
TN:
SF:src\checksums\index.ts
FN:11,getPlugin
FNF:1
FNH:0
FNDA:0,getPlugin
DA:12,0
DA:13,0
LF:2
LH:0
BRDA:12,0,0,0
BRDA:12,0,1,0
BRF:2
BRH:0
end_of_record
TN:
SF:src\checksums\ms43.ts
FN:7,crc16Custom
FN:30,correct
FNF:2
FNH:2
FNDA:2,crc16Custom
FNDA:2,correct
DA:12,2
DA:13,2
DA:14,262140
DA:15,262140
DA:16,2097120
DA:17,1048576
DA:19,1048544
DA:22,262140
DA:24,2
DA:27,2
DA:32,2
DA:33,2
DA:37,2
DA:38,2
DA:41,2
DA:42,2
DA:44,2
LF:17
LH:17
BRDA:16,0,0,1048576
BRDA:16,0,1,1048544
BRF:2
BRH:2
end_of_record
TN:
SF:src\checksums\types.ts
FNF:0
FNH:0
LF:0
LH:0
BRF:0
BRH:0
end_of_record
